<?xml version="1.0" encoding="UTF-8"?>
<!-- Generated by org.testng.reporters.JUnitReportReporter -->
<testsuite skipped="0" hostname="Ayfers-MacBook-Pro.local" name="com.hubspot.tests.LoginPageTest" tests="2" failures="0" timestamp="04 Dec 2019 02:47:17 GMT" time="31.151" errors="0">
  <testcase name="loginPageTitleTest" time="12.609" classname="com.hubspot.tests.LoginPageTest"/>
  <testcase name="loginTest1" time="18.542" classname="com.hubspot.tests.LoginPageTest"/>
</testsuite> <!-- com.hubspot.tests.LoginPageTest -->
