<?xml version="1.0" encoding="UTF-8"?>
<!-- Generated by org.testng.reporters.JUnitReportReporter -->
<testsuite skipped="0" hostname="Ayfers-MacBook-Pro.local" name="com.hubspot.tests.ContactsPageTest" tests="4" failures="0" timestamp="30 Nov 2019 06:13:18 GMT" time="93.172" errors="0">
  <testcase name="verifyContactsPageTitle" time="13.964" classname="com.hubspot.tests.ContactsPageTest"/>
  <testcase name="createNewPOMContactTest" time="25.324" classname="com.hubspot.tests.ContactsPageTest"/>
  <testcase name="createNewPOMContactTest" time="27.774" classname="com.hubspot.tests.ContactsPageTest"/>
  <testcase name="createNewPOMContactTest" time="26.110" classname="com.hubspot.tests.ContactsPageTest"/>
</testsuite> <!-- com.hubspot.tests.ContactsPageTest -->
