<?xml version="1.0" encoding="UTF-8"?>
<!-- Generated by org.testng.reporters.JUnitReportReporter -->
<testsuite skipped="1" hostname="Ayfers-MacBook-Pro.local" name="com.hubspot.tests.HomePageTest" tests="2" failures="0" timestamp="03 Dec 2019 06:30:35 GMT" time="15.000" errors="0">
  <testcase name="verifyHomePageTitleTest" time="15.000" classname="com.hubspot.tests.HomePageTest"/>
  <testcase name="verifyHomePageHeaderTest" classname="com.hubspot.tests.HomePageTest">
    <skipped/>
  </testcase> <!-- verifyHomePageHeaderTest -->
</testsuite> <!-- com.hubspot.tests.HomePageTest -->
